<?xml version="1.0" encoding="UTF-8"?>
<testsuite xmlns:xsi="http://www.w3.org/2001/XMLSchema-instance" xsi:noNamespaceSchemaLocation="https://maven.apache.org/surefire/maven-surefire-plugin/xsd/surefire-test-report-3.0.xsd" version="3.0" name="com.library.BookServiceTest" time="1.334" tests="7" errors="0" skipped="0" failures="0">
  <properties>
    <property name="java.specification.version" value="21"/>
    <property name="sun.jnu.encoding" value="UTF-8"/>
    <property name="java.class.path" value="/media/houda/SAUVEGARDES1/COURS - TD/QUALITE/DEVOIR/GestionBibliotheque/GestionBibliotheque/target/test-classes:/media/houda/SAUVEGARDES1/COURS - TD/QUALITE/DEVOIR/GestionBibliotheque/GestionBibliotheque/target/classes:/home/houda/.m2/repository/junit/junit/4.13.2/junit-4.13.2.jar:/home/houda/.m2/repository/org/hamcrest/hamcrest-core/1.3/hamcrest-core-1.3.jar:/home/houda/.m2/repository/org/projectlombok/lombok/1.18.34/lombok-1.18.34.jar:/home/houda/.m2/repository/org/junit/jupiter/junit-jupiter/5.11.4/junit-jupiter-5.11.4.jar:/home/houda/.m2/repository/org/junit/jupiter/junit-jupiter-api/5.11.4/junit-jupiter-api-5.11.4.jar:/home/houda/.m2/repository/org/opentest4j/opentest4j/1.3.0/opentest4j-1.3.0.jar:/home/houda/.m2/repository/org/junit/platform/junit-platform-commons/1.11.4/junit-platform-commons-1.11.4.jar:/home/houda/.m2/repository/org/apiguardian/apiguardian-api/1.1.2/apiguardian-api-1.1.2.jar:/home/houda/.m2/repository/org/junit/jupiter/junit-jupiter-params/5.11.4/junit-jupiter-params-5.11.4.jar:/home/houda/.m2/repository/org/junit/jupiter/junit-jupiter-engine/5.11.4/junit-jupiter-engine-5.11.4.jar:/home/houda/.m2/repository/org/junit/platform/junit-platform-engine/1.11.4/junit-platform-engine-1.11.4.jar:/home/houda/.m2/repository/com/mysql/mysql-connector-j/8.0.32/mysql-connector-j-8.0.32.jar:/home/houda/.m2/repository/com/google/protobuf/protobuf-java/3.21.9/protobuf-java-3.21.9.jar:"/>
    <property name="java.vm.vendor" value="Ubuntu"/>
    <property name="sun.arch.data.model" value="64"/>
    <property name="java.vendor.url" value="https://ubuntu.com/"/>
    <property name="user.timezone" value="Africa/Casablanca"/>
    <property name="os.name" value="Linux"/>
    <property name="java.vm.specification.version" value="21"/>
    <property name="sun.java.launcher" value="SUN_STANDARD"/>
    <property name="user.country" value="GB"/>
    <property name="sun.boot.library.path" value="/usr/lib/jvm/java-21-openjdk-amd64/lib"/>
    <property name="sun.java.command" value="/media/houda/SAUVEGARDES1/COURS - TD/QUALITE/DEVOIR/GestionBibliotheque/GestionBibliotheque/target/surefire/surefirebooter-20241220143420360_3.jar /media/houda/SAUVEGARDES1/COURS - TD/QUALITE/DEVOIR/GestionBibliotheque/GestionBibliotheque/target/surefire 2024-12-20T14-34-20_259-jvmRun1 surefire-20241220143420360_1tmp surefire_0-20241220143420360_2tmp"/>
    <property name="jdk.debug" value="release"/>
    <property name="surefire.test.class.path" value="/media/houda/SAUVEGARDES1/COURS - TD/QUALITE/DEVOIR/GestionBibliotheque/GestionBibliotheque/target/test-classes:/media/houda/SAUVEGARDES1/COURS - TD/QUALITE/DEVOIR/GestionBibliotheque/GestionBibliotheque/target/classes:/home/houda/.m2/repository/junit/junit/4.13.2/junit-4.13.2.jar:/home/houda/.m2/repository/org/hamcrest/hamcrest-core/1.3/hamcrest-core-1.3.jar:/home/houda/.m2/repository/org/projectlombok/lombok/1.18.34/lombok-1.18.34.jar:/home/houda/.m2/repository/org/junit/jupiter/junit-jupiter/5.11.4/junit-jupiter-5.11.4.jar:/home/houda/.m2/repository/org/junit/jupiter/junit-jupiter-api/5.11.4/junit-jupiter-api-5.11.4.jar:/home/houda/.m2/repository/org/opentest4j/opentest4j/1.3.0/opentest4j-1.3.0.jar:/home/houda/.m2/repository/org/junit/platform/junit-platform-commons/1.11.4/junit-platform-commons-1.11.4.jar:/home/houda/.m2/repository/org/apiguardian/apiguardian-api/1.1.2/apiguardian-api-1.1.2.jar:/home/houda/.m2/repository/org/junit/jupiter/junit-jupiter-params/5.11.4/junit-jupiter-params-5.11.4.jar:/home/houda/.m2/repository/org/junit/jupiter/junit-jupiter-engine/5.11.4/junit-jupiter-engine-5.11.4.jar:/home/houda/.m2/repository/org/junit/platform/junit-platform-engine/1.11.4/junit-platform-engine-1.11.4.jar:/home/houda/.m2/repository/com/mysql/mysql-connector-j/8.0.32/mysql-connector-j-8.0.32.jar:/home/houda/.m2/repository/com/google/protobuf/protobuf-java/3.21.9/protobuf-java-3.21.9.jar:"/>
    <property name="sun.cpu.endian" value="little"/>
    <property name="user.home" value="/home/houda"/>
    <property name="user.language" value="en"/>
    <property name="java.specification.vendor" value="Oracle Corporation"/>
    <property name="java.version.date" value="2024-10-15"/>
    <property name="java.home" value="/usr/lib/jvm/java-21-openjdk-amd64"/>
    <property name="file.separator" value="/"/>
    <property name="basedir" value="/media/houda/SAUVEGARDES1/COURS - TD/QUALITE/DEVOIR/GestionBibliotheque/GestionBibliotheque"/>
    <property name="java.vm.compressedOopsMode" value="Zero based"/>
    <property name="line.separator" value="&#10;"/>
    <property name="java.specification.name" value="Java Platform API Specification"/>
    <property name="java.vm.specification.vendor" value="Oracle Corporation"/>
    <property name="surefire.real.class.path" value="/media/houda/SAUVEGARDES1/COURS - TD/QUALITE/DEVOIR/GestionBibliotheque/GestionBibliotheque/target/surefire/surefirebooter-20241220143420360_3.jar"/>
    <property name="sun.management.compiler" value="HotSpot 64-Bit Tiered Compilers"/>
    <property name="java.runtime.version" value="21.0.5+11-Ubuntu-1ubuntu124.04"/>
    <property name="user.name" value="houda"/>
    <property name="stdout.encoding" value="UTF-8"/>
    <property name="path.separator" value=":"/>
    <property name="os.version" value="6.8.0-51-generic"/>
    <property name="java.runtime.name" value="OpenJDK Runtime Environment"/>
    <property name="file.encoding" value="UTF-8"/>
    <property name="java.vm.name" value="OpenJDK 64-Bit Server VM"/>
    <property name="localRepository" value="/home/houda/.m2/repository"/>
    <property name="java.vendor.url.bug" value="https://bugs.launchpad.net/ubuntu/+source/openjdk-21"/>
    <property name="java.io.tmpdir" value="/tmp"/>
    <property name="java.version" value="21.0.5"/>
    <property name="user.dir" value="/media/houda/SAUVEGARDES1/COURS - TD/QUALITE/DEVOIR/GestionBibliotheque/GestionBibliotheque"/>
    <property name="os.arch" value="amd64"/>
    <property name="java.vm.specification.name" value="Java Virtual Machine Specification"/>
    <property name="native.encoding" value="UTF-8"/>
    <property name="java.library.path" value="/usr/java/packages/lib:/usr/lib/x86_64-linux-gnu/jni:/lib/x86_64-linux-gnu:/usr/lib/x86_64-linux-gnu:/usr/lib/jni:/lib:/usr/lib"/>
    <property name="java.vm.info" value="mixed mode, sharing"/>
    <property name="stderr.encoding" value="UTF-8"/>
    <property name="java.vendor" value="Ubuntu"/>
    <property name="java.vm.version" value="21.0.5+11-Ubuntu-1ubuntu124.04"/>
    <property name="sun.io.unicode.encoding" value="UnicodeLittle"/>
    <property name="java.class.version" value="65.0"/>
  </properties>
  <testcase name="testAddBook" classname="com.library.BookServiceTest" time="0.819">
    <system-out><![CDATA[Livre inséré avec succès !
]]></system-out>
  </testcase>
  <testcase name="testDeleteAllBooks" classname="com.library.BookServiceTest" time="0.124">
    <system-out><![CDATA[Livre inséré avec succès !
Livre inséré avec succès !
0
]]></system-out>
  </testcase>
  <testcase name="testFindBookById" classname="com.library.BookServiceTest" time="0.07">
    <system-out><![CDATA[Livre inséré avec succès !
]]></system-out>
  </testcase>
  <testcase name="testGetAllBooks" classname="com.library.BookServiceTest" time="0.078">
    <system-out><![CDATA[Livre inséré avec succès !
Livre inséré avec succès !
]]></system-out>
  </testcase>
  <testcase name="testUpdateBook" classname="com.library.BookServiceTest" time="0.077">
    <system-out><![CDATA[Livre inséré avec succès !
]]></system-out>
  </testcase>
  <testcase name="testDeleteBook" classname="com.library.BookServiceTest" time="0.065">
    <system-out><![CDATA[Livre inséré avec succès !
]]></system-out>
  </testcase>
  <testcase name="testFindBookByTitle" classname="com.library.BookServiceTest" time="0.059">
    <system-out><![CDATA[Livre inséré avec succès !
]]></system-out>
  </testcase>
</testsuite>